<?xml version="1.0" encoding="UTF-8"?>
<TestRun id="e897940c-8d43-4fe0-bfef-d69fff62ab88" name="Admin@10266A-GEN-DEV 2022-06-14 02:19:59" runUser="10266A-GEN-DEV\Admin" xmlns="http://microsoft.com/schemas/VisualStudio/TeamTest/2010">
  <TestSettings name="Local" id="0708a396-de10-4a2d-a413-145187a6972c">
    <Description>These are default test settings for a local test run.</Description>
    <Deployment enabled="false" runDeploymentRoot="Admin_10266A-GEN-DEV 2022-06-14 02_19_59">
      <DeploymentItem filename="E:\Labfiles\Lab 3\Ex2\Starter\GreatestCommonDivisor\bin\Debug\Module3.exe" />
    </Deployment>
    <Execution>
      <TestTypeSpecific />
      <AgentRule name="Execution Agents">
      </AgentRule>
    </Execution>
  </TestSettings>
  <Times creation="2022-06-14T02:19:59.1146640-07:00" queuing="2022-06-14T02:19:59.1527499-07:00" start="2022-06-14T02:19:59.1625155-07:00" finish="2022-06-14T02:19:59.2797030-07:00" />
  <ResultSummary outcome="Completed">
    <Counters total="1" executed="1" passed="1" error="0" failed="0" timeout="0" aborted="0" inconclusive="0" passedButRunAborted="0" notRunnable="0" notExecuted="0" disconnected="0" warning="0" completed="0" inProgress="0" pending="0" />
  </ResultSummary>
  <TestDefinitions>
    <UnitTest name="FindGCDEuclidTest2" storage="e:\labfiles\lab 3\ex2\starter\gcd test project\bin\debug\gcd test project.dll" id="d3a316a8-be00-b285-d7d4-78e834fb9d25">
      <Execution id="4ffb50df-a131-4e54-b6fb-049991a6c3ff" />
      <TestMethod codeBase="E:/Labfiles/Lab 3/Ex2/Starter/GCD Test Project/bin/Debug/GCD Test Project.DLL" adapterTypeName="Microsoft.VisualStudio.TestTools.TestTypes.Unit.UnitTestAdapter, Microsoft.VisualStudio.QualityTools.Tips.UnitTest.Adapter, Version=10.0.0.0, Culture=neutral, PublicKeyToken=b03f5f7f11d50a3a" className="GCD_Test_Project.GCDAlgorithmsTest, GCD Test Project, Version=1.0.0.0, Culture=neutral, PublicKeyToken=null" name="FindGCDEuclidTest2" />
    </UnitTest>
  </TestDefinitions>
  <TestLists>
    <TestList name="Results Not in a List" id="8c84fa94-04c1-424b-9868-57a2d4851a1d" />
    <TestList name="All Loaded Results" id="19431567-8539-422a-85d7-44ee4e166bda" />
  </TestLists>
  <TestEntries>
    <TestEntry testId="d3a316a8-be00-b285-d7d4-78e834fb9d25" executionId="4ffb50df-a131-4e54-b6fb-049991a6c3ff" testListId="8c84fa94-04c1-424b-9868-57a2d4851a1d" />
  </TestEntries>
  <Results>
    <UnitTestResult executionId="4ffb50df-a131-4e54-b6fb-049991a6c3ff" testId="d3a316a8-be00-b285-d7d4-78e834fb9d25" testName="FindGCDEuclidTest2" computerName="10266A-GEN-DEV" duration="00:00:00.0105802" startTime="2022-06-14T02:19:59.1713046-07:00" endTime="2022-06-14T02:19:59.2660311-07:00" testType="13cdc9d9-ddb5-4fa4-a97d-d965ccfc6d4b" outcome="Passed" testListId="8c84fa94-04c1-424b-9868-57a2d4851a1d" relativeResultsDirectory="4ffb50df-a131-4e54-b6fb-049991a6c3ff">
    </UnitTestResult>
  </Results>
</TestRun>