<?xml version="1.0" encoding="UTF-8"?>
<TestRun id="6b721be9-9c20-4720-9a07-72b505995cbd" name="Admin@10266A-GEN-DEV 2022-06-14 02:20:00" runUser="10266A-GEN-DEV\Admin" xmlns="http://microsoft.com/schemas/VisualStudio/TeamTest/2010">
  <TestSettings name="Local" id="0708a396-de10-4a2d-a413-145187a6972c">
    <Description>These are default test settings for a local test run.</Description>
    <Deployment enabled="false" runDeploymentRoot="Admin_10266A-GEN-DEV 2022-06-14 02_20_00">
      <DeploymentItem filename="E:\Labfiles\Lab 3\Ex2\Starter\GreatestCommonDivisor\bin\Debug\Module3.exe" />
    </Deployment>
    <Execution>
      <TestTypeSpecific />
      <AgentRule name="Execution Agents">
      </AgentRule>
    </Execution>
  </TestSettings>
  <Times creation="2022-06-14T02:20:00.2679843-07:00" queuing="2022-06-14T02:20:00.3070468-07:00" start="2022-06-14T02:20:00.3109530-07:00" finish="2022-06-14T02:20:00.4369296-07:00" />
  <ResultSummary outcome="Completed">
    <Counters total="1" executed="1" passed="1" error="0" failed="0" timeout="0" aborted="0" inconclusive="0" passedButRunAborted="0" notRunnable="0" notExecuted="0" disconnected="0" warning="0" completed="0" inProgress="0" pending="0" />
  </ResultSummary>
  <TestDefinitions>
    <UnitTest name="FindGCDEuclidTest3" storage="e:\labfiles\lab 3\ex2\starter\gcd test project\bin\debug\gcd test project.dll" id="4d58124e-6cc2-cca7-419a-b8f9803a35a5">
      <Execution id="cd96ee64-fd76-4e53-955a-84d6cacb619f" />
      <TestMethod codeBase="E:/Labfiles/Lab 3/Ex2/Starter/GCD Test Project/bin/Debug/GCD Test Project.DLL" adapterTypeName="Microsoft.VisualStudio.TestTools.TestTypes.Unit.UnitTestAdapter, Microsoft.VisualStudio.QualityTools.Tips.UnitTest.Adapter, Version=10.0.0.0, Culture=neutral, PublicKeyToken=b03f5f7f11d50a3a" className="GCD_Test_Project.GCDAlgorithmsTest, GCD Test Project, Version=1.0.0.0, Culture=neutral, PublicKeyToken=null" name="FindGCDEuclidTest3" />
    </UnitTest>
  </TestDefinitions>
  <TestLists>
    <TestList name="Results Not in a List" id="8c84fa94-04c1-424b-9868-57a2d4851a1d" />
    <TestList name="All Loaded Results" id="19431567-8539-422a-85d7-44ee4e166bda" />
  </TestLists>
  <TestEntries>
    <TestEntry testId="4d58124e-6cc2-cca7-419a-b8f9803a35a5" executionId="cd96ee64-fd76-4e53-955a-84d6cacb619f" testListId="8c84fa94-04c1-424b-9868-57a2d4851a1d" />
  </TestEntries>
  <Results>
    <UnitTestResult executionId="cd96ee64-fd76-4e53-955a-84d6cacb619f" testId="4d58124e-6cc2-cca7-419a-b8f9803a35a5" testName="FindGCDEuclidTest3" computerName="10266A-GEN-DEV" duration="00:00:00.0077813" startTime="2022-06-14T02:20:00.3236483-07:00" endTime="2022-06-14T02:20:00.4310702-07:00" testType="13cdc9d9-ddb5-4fa4-a97d-d965ccfc6d4b" outcome="Passed" testListId="8c84fa94-04c1-424b-9868-57a2d4851a1d" relativeResultsDirectory="cd96ee64-fd76-4e53-955a-84d6cacb619f">
    </UnitTestResult>
  </Results>
</TestRun>